<?xml version="1.0" encoding="UTF-8"?>
<!-- Generated by org.testng.reporters.JUnitReportReporter -->
<testsuite hostname="AmitSen-PC" failures="0" tests="1" name="test_1.google_search" time="11.270" errors="0" timestamp="2022-01-24T15:56:23 IST" skipped="0">
  <testcase classname="test_1.google_search" name="search_test" time="11.270"/>
  <system-out/>
</testsuite> <!-- test_1.google_search -->
