<?xml version="1.0" encoding="UTF-8"?>
<!-- Generated by org.testng.reporters.JUnitReportReporter -->
<testsuite hostname="AmitSen-PC" failures="0" tests="1" name="testngTest.captureScreenShot" time="2.784" errors="0" timestamp="2022-01-05T20:15:16 IST" skipped="0">
  <testcase classname="testngTest.captureScreenShot" name="failed_test_capture" time="2.784"/>
  <system-out/>
</testsuite> <!-- testngTest.captureScreenShot -->
